2013-5-2 20:46:42 org.apache.catalina.core.AprLifecycleListener init
信息: The APR based Apache Tomcat Native library which allows optimal performance in production environments was not found on the java.library.path: D:\Java\jdk1.6.0_23\jre\bin;.;C:\WINDOWS\Sun\Java\bin;C:\WINDOWS\system32;C:\WINDOWS;D:\Java\jdk1.6.0_23\jre\bin;D:/Java/jre6/bin/client;D:/Java/jre6/bin;D:/Java/jre6/lib/i386;D:\app\shsun\product\11.2.0\dbhome_1\bin;C:\Program Files\AMD APP\bin\x86;C:\WINDOWS\system32;C:\WINDOWS;C:\WINDOWS\System32\Wbem;D:\Java\jdk1.6.0_23\bin;D:\Java\apache-ant-1.8.2\bin;D:\Java\apache-ant-1.8.2\lib;C:\Program Files\ATI Technologies\ATI.ACE\Core-Static;C:\Program Files\MySQL\MySQL Server 5.5\bin;D:\Java\apache-maven-3.0.4\bin;D:\Java\apache-maven-3.0.4\lib;;D:\Program Files\eclipse-j2ee;
2013-5-2 20:46:46 org.apache.coyote.AbstractProtocol init
信息: Initializing ProtocolHandler ["http-bio-8080"]
2013-5-2 20:46:47 org.apache.coyote.AbstractProtocol init
信息: Initializing ProtocolHandler ["ajp-bio-8009"]
2013-5-2 20:46:47 org.apache.catalina.startup.Catalina load
信息: Initialization processed in 8163 ms
2013-5-2 20:46:47 org.apache.catalina.core.StandardService startInternal
信息: Starting service Catalina
2013-5-2 20:46:47 org.apache.catalina.core.StandardEngine startInternal
信息: Starting Servlet Engine: Apache Tomcat/@VERSION@
2013-5-2 20:46:47 org.apache.catalina.startup.HostConfig deployDirectory
信息: Deploying web application directory D:\repos\tomcat\launch\webapps\ROOT
2013-5-2 20:46:51 org.apache.catalina.util.SessionIdGenerator createSecureRandom
信息: Creation of SecureRandom instance for session ID generation using [SHA1PRNG] took [203] milliseconds.
2013-5-2 20:46:51 org.apache.coyote.AbstractProtocol start
信息: Starting ProtocolHandler ["http-bio-8080"]
2013-5-2 20:46:51 org.apache.coyote.AbstractProtocol start
信息: Starting ProtocolHandler ["ajp-bio-8009"]
2013-5-2 20:46:51 org.apache.catalina.startup.Catalina start
信息: Server startup in 4582 ms
2013-5-2 20:47:52 org.apache.catalina.core.StandardServer await
信息: A valid shutdown command was received via the shutdown port. Stopping the Server instance.
2013-5-2 20:47:52 org.apache.coyote.AbstractProtocol pause
信息: Pausing ProtocolHandler ["http-bio-8080"]
2013-5-2 20:47:52 org.apache.coyote.AbstractProtocol pause
信息: Pausing ProtocolHandler ["ajp-bio-8009"]
2013-5-2 20:47:52 org.apache.catalina.core.StandardService stopInternal
信息: Stopping service Catalina
2013-5-2 20:47:53 org.apache.coyote.AbstractProtocol stop
信息: Stopping ProtocolHandler ["http-bio-8080"]
2013-5-2 20:47:53 org.apache.coyote.AbstractProtocol stop
信息: Stopping ProtocolHandler ["ajp-bio-8009"]
2013-5-2 20:47:53 org.apache.coyote.AbstractProtocol destroy
信息: Destroying ProtocolHandler ["http-bio-8080"]
2013-5-2 20:47:53 org.apache.coyote.AbstractProtocol destroy
信息: Destroying ProtocolHandler ["ajp-bio-8009"]
2013-5-2 20:48:09 org.apache.catalina.core.AprLifecycleListener init
淇℃: The APR based Apache Tomcat Native library which allows optimal performance in production environments was not found on the java.library.path: D:\Java\jdk1.6.0_23\jre\bin;.;C:\WINDOWS\Sun\Java\bin;C:\WINDOWS\system32;C:\WINDOWS;D:/Java/jre6/bin/client;D:/Java/jre6/bin;D:/Java/jre6/lib/i386;D:\app\shsun\product\11.2.0\dbhome_1\bin;C:\Program Files\AMD APP\bin\x86;C:\WINDOWS\system32;C:\WINDOWS;C:\WINDOWS\System32\Wbem;D:\Java\jdk1.6.0_23\bin;D:\Java\apache-ant-1.8.2\bin;D:\Java\apache-ant-1.8.2\lib;C:\Program Files\ATI Technologies\ATI.ACE\Core-Static;C:\Program Files\MySQL\MySQL Server 5.5\bin;D:\Java\apache-maven-3.0.4\bin;D:\Java\apache-maven-3.0.4\lib;;D:\Program Files\eclipse-j2ee;
2013-5-2 20:48:09 org.apache.coyote.AbstractProtocol init
淇℃: Initializing ProtocolHandler ["http-bio-8080"]
2013-5-2 20:48:10 org.apache.coyote.AbstractProtocol init
淇℃: Initializing ProtocolHandler ["ajp-bio-8009"]
2013-5-2 20:48:10 org.apache.catalina.startup.Catalina load
淇℃: Initialization processed in 715 ms
2013-5-2 20:48:10 org.apache.catalina.core.StandardService startInternal
淇℃: Starting service Catalina
2013-5-2 20:48:10 org.apache.catalina.core.StandardEngine startInternal
淇℃: Starting Servlet Engine: Apache Tomcat/@VERSION@
2013-5-2 20:48:10 org.apache.catalina.startup.HostConfig deployDirectory
淇℃: Deploying web application directory D:\repos\tomcat\launch\webapps\ROOT
2013-5-2 20:48:10 org.apache.catalina.util.SessionIdGenerator createSecureRandom
淇℃: Creation of SecureRandom instance for session ID generation using [SHA1PRNG] took [125] milliseconds.
2013-5-2 20:48:10 org.apache.coyote.AbstractProtocol start
淇℃: Starting ProtocolHandler ["http-bio-8080"]
2013-5-2 20:48:10 org.apache.coyote.AbstractProtocol start
淇℃: Starting ProtocolHandler ["ajp-bio-8009"]
2013-5-2 20:48:10 org.apache.catalina.startup.Catalina start
淇℃: Server startup in 400 ms
2013-5-2 20:51:17 org.apache.catalina.core.AprLifecycleListener init
淇℃: The APR based Apache Tomcat Native library which allows optimal performance in production environments was not found on the java.library.path: D:\Java\jdk1.6.0_23\jre\bin;.;C:\WINDOWS\Sun\Java\bin;C:\WINDOWS\system32;C:\WINDOWS;D:/Java/jre6/bin/client;D:/Java/jre6/bin;D:/Java/jre6/lib/i386;D:\app\shsun\product\11.2.0\dbhome_1\bin;C:\Program Files\AMD APP\bin\x86;C:\WINDOWS\system32;C:\WINDOWS;C:\WINDOWS\System32\Wbem;D:\Java\jdk1.6.0_23\bin;D:\Java\apache-ant-1.8.2\bin;D:\Java\apache-ant-1.8.2\lib;C:\Program Files\ATI Technologies\ATI.ACE\Core-Static;C:\Program Files\MySQL\MySQL Server 5.5\bin;D:\Java\apache-maven-3.0.4\bin;D:\Java\apache-maven-3.0.4\lib;;D:\Program Files\eclipse-j2ee;
2013-5-2 20:51:17 org.apache.coyote.AbstractProtocol init
淇℃: Initializing ProtocolHandler ["http-bio-8080"]
2013-5-2 20:51:17 org.apache.coyote.AbstractProtocol init
淇℃: Initializing ProtocolHandler ["ajp-bio-8009"]
2013-5-2 20:51:17 org.apache.catalina.startup.Catalina load
淇℃: Initialization processed in 546 ms
2013-5-2 20:51:18 org.apache.catalina.core.StandardService startInternal
淇℃: Starting service Catalina
2013-5-2 20:51:18 org.apache.catalina.core.StandardEngine startInternal
淇℃: Starting Servlet Engine: Apache Tomcat/@VERSION@
2013-5-2 20:51:18 org.apache.catalina.startup.HostConfig deployDirectory
淇℃: Deploying web application directory D:\repos\tomcat\launch\webapps\ROOT
2013-5-2 20:51:18 org.apache.catalina.util.SessionIdGenerator createSecureRandom
淇℃: Creation of SecureRandom instance for session ID generation using [SHA1PRNG] took [125] milliseconds.
2013-5-2 20:51:18 org.apache.coyote.AbstractProtocol start
淇℃: Starting ProtocolHandler ["http-bio-8080"]
2013-5-2 20:51:18 org.apache.coyote.AbstractProtocol start
淇℃: Starting ProtocolHandler ["ajp-bio-8009"]
2013-5-2 20:51:18 org.apache.catalina.startup.Catalina start
淇℃: Server startup in 399 ms
2013-5-2 21:10:02 org.apache.catalina.core.AprLifecycleListener init
信息: The APR based Apache Tomcat Native library which allows optimal performance in production environments was not found on the java.library.path: D:\Java\jdk1.6.0_23\jre\bin;.;C:\WINDOWS\Sun\Java\bin;C:\WINDOWS\system32;C:\WINDOWS;D:\Java\jdk1.6.0_23\jre\bin;D:/Java/jre6/bin/client;D:/Java/jre6/bin;D:/Java/jre6/lib/i386;D:\app\shsun\product\11.2.0\dbhome_1\bin;C:\Program Files\AMD APP\bin\x86;C:\WINDOWS\system32;C:\WINDOWS;C:\WINDOWS\System32\Wbem;D:\Java\jdk1.6.0_23\bin;D:\Java\apache-ant-1.8.2\bin;D:\Java\apache-ant-1.8.2\lib;C:\Program Files\ATI Technologies\ATI.ACE\Core-Static;C:\Program Files\MySQL\MySQL Server 5.5\bin;D:\Java\apache-maven-3.0.4\bin;D:\Java\apache-maven-3.0.4\lib;;D:\Program Files\eclipse-j2ee;
2013-5-2 21:10:03 org.apache.coyote.AbstractProtocol init
信息: Initializing ProtocolHandler ["http-bio-8080"]
2013-5-2 21:10:03 org.apache.coyote.AbstractProtocol init
信息: Initializing ProtocolHandler ["ajp-bio-8009"]
2013-5-2 21:10:03 org.apache.catalina.startup.Catalina load
信息: Initialization processed in 557 ms
2013-5-2 21:10:03 org.apache.catalina.core.StandardService startInternal
信息: Starting service Catalina
2013-5-2 21:10:03 org.apache.catalina.core.StandardEngine startInternal
信息: Starting Servlet Engine: Apache Tomcat/@VERSION@
2013-5-2 21:10:03 org.apache.catalina.startup.HostConfig deployDirectory
信息: Deploying web application directory D:\repos\dive-into-apache-tomcat7.0.x\launch\webapps\ROOT
2013-5-2 21:10:03 org.apache.coyote.AbstractProtocol start
信息: Starting ProtocolHandler ["http-bio-8080"]
2013-5-2 21:10:03 org.apache.coyote.AbstractProtocol start
信息: Starting ProtocolHandler ["ajp-bio-8009"]
2013-5-2 21:10:03 org.apache.catalina.startup.Catalina start
信息: Server startup in 491 ms
