2013-4-24 11:48:14 org.apache.catalina.core.ApplicationContext log
信息: ContextListener: contextInitialized()
2013-4-24 11:48:14 org.apache.catalina.core.ApplicationContext log
信息: SessionListener: contextInitialized()
2013-4-24 11:48:14 org.apache.catalina.core.ApplicationContext log
信息: ContextListener: attributeAdded('org.apache.jasper.compiler.TldLocationsCache', 'org.apache.jasper.compiler.TldLocationsCache@144b624')
2013-4-24 11:49:10 org.apache.catalina.core.ApplicationContext log
信息: ContextListener: contextInitialized()
2013-4-24 11:49:10 org.apache.catalina.core.ApplicationContext log
信息: SessionListener: contextInitialized()
2013-4-24 11:49:10 org.apache.catalina.core.ApplicationContext log
信息: ContextListener: attributeAdded('org.apache.jasper.compiler.TldLocationsCache', 'org.apache.jasper.compiler.TldLocationsCache@6c9f0f')
2013-4-24 12:18:42 org.apache.catalina.core.ApplicationContext log
信息: ContextListener: contextInitialized()
2013-4-24 12:18:42 org.apache.catalina.core.ApplicationContext log
信息: SessionListener: contextInitialized()
2013-4-24 12:18:42 org.apache.catalina.core.ApplicationContext log
信息: ContextListener: attributeAdded('org.apache.jasper.compiler.TldLocationsCache', 'org.apache.jasper.compiler.TldLocationsCache@9c87c1')
2013-4-24 15:49:22 org.apache.catalina.core.ApplicationContext log
信息: ContextListener: contextInitialized()
2013-4-24 15:49:22 org.apache.catalina.core.ApplicationContext log
信息: SessionListener: contextInitialized()
2013-4-24 15:49:22 org.apache.catalina.core.ApplicationContext log
信息: ContextListener: attributeAdded('org.apache.jasper.compiler.TldLocationsCache', 'org.apache.jasper.compiler.TldLocationsCache@97aaa6')
2013-4-24 15:50:24 org.apache.catalina.core.ApplicationContext log
信息: ContextListener: contextInitialized()
2013-4-24 15:50:24 org.apache.catalina.core.ApplicationContext log
信息: SessionListener: contextInitialized()
2013-4-24 15:50:24 org.apache.catalina.core.ApplicationContext log
信息: ContextListener: attributeAdded('org.apache.jasper.compiler.TldLocationsCache', 'org.apache.jasper.compiler.TldLocationsCache@6bbe7')
2013-4-24 15:53:14 org.apache.catalina.core.ApplicationContext log
信息: ContextListener: contextInitialized()
2013-4-24 15:53:14 org.apache.catalina.core.ApplicationContext log
信息: SessionListener: contextInitialized()
2013-4-24 15:53:14 org.apache.catalina.core.ApplicationContext log
信息: ContextListener: attributeAdded('org.apache.jasper.compiler.TldLocationsCache', 'org.apache.jasper.compiler.TldLocationsCache@929ba3')
2013-4-24 15:55:00 org.apache.catalina.core.ApplicationContext log
信息: ContextListener: contextInitialized()
2013-4-24 15:55:00 org.apache.catalina.core.ApplicationContext log
信息: SessionListener: contextInitialized()
2013-4-24 15:55:00 org.apache.catalina.core.ApplicationContext log
信息: ContextListener: attributeAdded('org.apache.jasper.compiler.TldLocationsCache', 'org.apache.jasper.compiler.TldLocationsCache@c5da6')
2013-4-24 15:57:12 org.apache.catalina.core.ApplicationContext log
信息: ContextListener: contextInitialized()
2013-4-24 15:57:12 org.apache.catalina.core.ApplicationContext log
信息: SessionListener: contextInitialized()
2013-4-24 15:57:12 org.apache.catalina.core.ApplicationContext log
信息: ContextListener: attributeAdded('org.apache.jasper.compiler.TldLocationsCache', 'org.apache.jasper.compiler.TldLocationsCache@cf935a')
2013-4-24 15:57:36 org.apache.catalina.core.ApplicationContext log
信息: ContextListener: contextInitialized()
2013-4-24 15:57:36 org.apache.catalina.core.ApplicationContext log
信息: SessionListener: contextInitialized()
2013-4-24 15:57:36 org.apache.catalina.core.ApplicationContext log
信息: ContextListener: attributeAdded('org.apache.jasper.compiler.TldLocationsCache', 'org.apache.jasper.compiler.TldLocationsCache@4e5056')
2013-4-24 16:35:04 org.apache.catalina.core.ApplicationContext log
信息: ContextListener: contextInitialized()
2013-4-24 16:35:04 org.apache.catalina.core.ApplicationContext log
信息: SessionListener: contextInitialized()
2013-4-24 16:35:04 org.apache.catalina.core.ApplicationContext log
信息: ContextListener: attributeAdded('org.apache.jasper.compiler.TldLocationsCache', 'org.apache.jasper.compiler.TldLocationsCache@1fd10fa')
2013-4-24 16:35:14 org.apache.catalina.core.ApplicationContext log
信息: ContextListener: contextInitialized()
2013-4-24 16:35:14 org.apache.catalina.core.ApplicationContext log
信息: SessionListener: contextInitialized()
2013-4-24 16:35:14 org.apache.catalina.core.ApplicationContext log
信息: ContextListener: attributeAdded('org.apache.jasper.compiler.TldLocationsCache', 'org.apache.jasper.compiler.TldLocationsCache@1af328')
2013-4-24 16:42:11 org.apache.catalina.core.ApplicationContext log
信息: ContextListener: contextInitialized()
2013-4-24 16:42:11 org.apache.catalina.core.ApplicationContext log
信息: SessionListener: contextInitialized()
2013-4-24 16:42:12 org.apache.catalina.core.ApplicationContext log
信息: ContextListener: attributeAdded('org.apache.jasper.compiler.TldLocationsCache', 'org.apache.jasper.compiler.TldLocationsCache@a1fdd8')
2013-4-24 17:30:34 org.apache.catalina.core.ApplicationContext log
信息: ContextListener: contextInitialized()
2013-4-24 17:30:34 org.apache.catalina.core.ApplicationContext log
信息: SessionListener: contextInitialized()
2013-4-24 17:30:34 org.apache.catalina.core.ApplicationContext log
信息: ContextListener: attributeAdded('org.apache.jasper.compiler.TldLocationsCache', 'org.apache.jasper.compiler.TldLocationsCache@1f2412a')
2013-4-24 18:49:50 org.apache.catalina.core.StandardContext listenerStart
严重: Error configuring application listener of class listeners.ContextListener
java.lang.ClassNotFoundException: listeners.ContextListener
	at org.apache.catalina.loader.WebappClassLoader.loadClass(WebappClassLoader.java:1713)
	at org.apache.catalina.loader.WebappClassLoader.loadClass(WebappClassLoader.java:1558)
	at org.apache.catalina.core.DefaultInstanceManager.loadClass(DefaultInstanceManager.java:527)
	at org.apache.catalina.core.DefaultInstanceManager.loadClassMaybePrivileged(DefaultInstanceManager.java:509)
	at org.apache.catalina.core.DefaultInstanceManager.newInstance(DefaultInstanceManager.java:137)
	at org.apache.catalina.core.StandardContext.listenerStart(StandardContext.java:4823)
	at org.apache.catalina.core.StandardContext.startInternal(StandardContext.java:5381)
	at org.apache.catalina.util.LifecycleBase.start(LifecycleBase.java:150)
	at org.apache.catalina.core.ContainerBase.addChildInternal(ContainerBase.java:901)
	at org.apache.catalina.core.ContainerBase.addChild(ContainerBase.java:877)
	at org.apache.catalina.core.StandardHost.addChild(StandardHost.java:633)
	at org.apache.catalina.startup.HostConfig.deployDirectory(HostConfig.java:1114)
	at org.apache.catalina.startup.HostConfig$DeployDirectory.run(HostConfig.java:1673)
	at java.util.concurrent.Executors$RunnableAdapter.call(Executors.java:441)
	at java.util.concurrent.FutureTask$Sync.innerRun(FutureTask.java:303)
	at java.util.concurrent.FutureTask.run(FutureTask.java:138)
	at java.util.concurrent.ThreadPoolExecutor$Worker.runTask(ThreadPoolExecutor.java:886)
	at java.util.concurrent.ThreadPoolExecutor$Worker.run(ThreadPoolExecutor.java:908)
	at java.lang.Thread.run(Thread.java:662)
2013-4-24 18:49:50 org.apache.catalina.core.StandardContext listenerStart
严重: Error configuring application listener of class listeners.SessionListener
java.lang.ClassNotFoundException: listeners.SessionListener
	at org.apache.catalina.loader.WebappClassLoader.loadClass(WebappClassLoader.java:1713)
	at org.apache.catalina.loader.WebappClassLoader.loadClass(WebappClassLoader.java:1558)
	at org.apache.catalina.core.DefaultInstanceManager.loadClass(DefaultInstanceManager.java:527)
	at org.apache.catalina.core.DefaultInstanceManager.loadClassMaybePrivileged(DefaultInstanceManager.java:509)
	at org.apache.catalina.core.DefaultInstanceManager.newInstance(DefaultInstanceManager.java:137)
	at org.apache.catalina.core.StandardContext.listenerStart(StandardContext.java:4823)
	at org.apache.catalina.core.StandardContext.startInternal(StandardContext.java:5381)
	at org.apache.catalina.util.LifecycleBase.start(LifecycleBase.java:150)
	at org.apache.catalina.core.ContainerBase.addChildInternal(ContainerBase.java:901)
	at org.apache.catalina.core.ContainerBase.addChild(ContainerBase.java:877)
	at org.apache.catalina.core.StandardHost.addChild(StandardHost.java:633)
	at org.apache.catalina.startup.HostConfig.deployDirectory(HostConfig.java:1114)
	at org.apache.catalina.startup.HostConfig$DeployDirectory.run(HostConfig.java:1673)
	at java.util.concurrent.Executors$RunnableAdapter.call(Executors.java:441)
	at java.util.concurrent.FutureTask$Sync.innerRun(FutureTask.java:303)
	at java.util.concurrent.FutureTask.run(FutureTask.java:138)
	at java.util.concurrent.ThreadPoolExecutor$Worker.runTask(ThreadPoolExecutor.java:886)
	at java.util.concurrent.ThreadPoolExecutor$Worker.run(ThreadPoolExecutor.java:908)
	at java.lang.Thread.run(Thread.java:662)
2013-4-24 18:49:50 org.apache.catalina.core.StandardContext listenerStart
严重: Skipped installing application listeners due to previous error(s)
2013-4-24 18:50:54 org.apache.catalina.core.StandardContext listenerStart
严重: Error configuring application listener of class listeners.ContextListener
java.lang.ClassNotFoundException: listeners.ContextListener
	at org.apache.catalina.loader.WebappClassLoader.loadClass(WebappClassLoader.java:1713)
	at org.apache.catalina.loader.WebappClassLoader.loadClass(WebappClassLoader.java:1558)
	at org.apache.catalina.core.DefaultInstanceManager.loadClass(DefaultInstanceManager.java:527)
	at org.apache.catalina.core.DefaultInstanceManager.loadClassMaybePrivileged(DefaultInstanceManager.java:509)
	at org.apache.catalina.core.DefaultInstanceManager.newInstance(DefaultInstanceManager.java:137)
	at org.apache.catalina.core.StandardContext.listenerStart(StandardContext.java:4823)
	at org.apache.catalina.core.StandardContext.startInternal(StandardContext.java:5381)
	at org.apache.catalina.util.LifecycleBase.start(LifecycleBase.java:150)
	at org.apache.catalina.core.ContainerBase.addChildInternal(ContainerBase.java:901)
	at org.apache.catalina.core.ContainerBase.addChild(ContainerBase.java:877)
	at org.apache.catalina.core.StandardHost.addChild(StandardHost.java:633)
	at org.apache.catalina.startup.HostConfig.deployDirectory(HostConfig.java:1114)
	at org.apache.catalina.startup.HostConfig$DeployDirectory.run(HostConfig.java:1673)
	at java.util.concurrent.Executors$RunnableAdapter.call(Executors.java:441)
	at java.util.concurrent.FutureTask$Sync.innerRun(FutureTask.java:303)
	at java.util.concurrent.FutureTask.run(FutureTask.java:138)
	at java.util.concurrent.ThreadPoolExecutor$Worker.runTask(ThreadPoolExecutor.java:886)
	at java.util.concurrent.ThreadPoolExecutor$Worker.run(ThreadPoolExecutor.java:908)
	at java.lang.Thread.run(Thread.java:662)
2013-4-24 18:50:54 org.apache.catalina.core.StandardContext listenerStart
严重: Error configuring application listener of class listeners.SessionListener
java.lang.ClassNotFoundException: listeners.SessionListener
	at org.apache.catalina.loader.WebappClassLoader.loadClass(WebappClassLoader.java:1713)
	at org.apache.catalina.loader.WebappClassLoader.loadClass(WebappClassLoader.java:1558)
	at org.apache.catalina.core.DefaultInstanceManager.loadClass(DefaultInstanceManager.java:527)
	at org.apache.catalina.core.DefaultInstanceManager.loadClassMaybePrivileged(DefaultInstanceManager.java:509)
	at org.apache.catalina.core.DefaultInstanceManager.newInstance(DefaultInstanceManager.java:137)
	at org.apache.catalina.core.StandardContext.listenerStart(StandardContext.java:4823)
	at org.apache.catalina.core.StandardContext.startInternal(StandardContext.java:5381)
	at org.apache.catalina.util.LifecycleBase.start(LifecycleBase.java:150)
	at org.apache.catalina.core.ContainerBase.addChildInternal(ContainerBase.java:901)
	at org.apache.catalina.core.ContainerBase.addChild(ContainerBase.java:877)
	at org.apache.catalina.core.StandardHost.addChild(StandardHost.java:633)
	at org.apache.catalina.startup.HostConfig.deployDirectory(HostConfig.java:1114)
	at org.apache.catalina.startup.HostConfig$DeployDirectory.run(HostConfig.java:1673)
	at java.util.concurrent.Executors$RunnableAdapter.call(Executors.java:441)
	at java.util.concurrent.FutureTask$Sync.innerRun(FutureTask.java:303)
	at java.util.concurrent.FutureTask.run(FutureTask.java:138)
	at java.util.concurrent.ThreadPoolExecutor$Worker.runTask(ThreadPoolExecutor.java:886)
	at java.util.concurrent.ThreadPoolExecutor$Worker.run(ThreadPoolExecutor.java:908)
	at java.lang.Thread.run(Thread.java:662)
2013-4-24 18:50:54 org.apache.catalina.core.StandardContext listenerStart
严重: Skipped installing application listeners due to previous error(s)
2013-4-24 18:56:17 org.apache.catalina.core.StandardContext listenerStart
严重: Error configuring application listener of class listeners.ContextListener
java.lang.ClassNotFoundException: listeners.ContextListener
	at org.apache.catalina.loader.WebappClassLoader.loadClass(WebappClassLoader.java:1713)
	at org.apache.catalina.loader.WebappClassLoader.loadClass(WebappClassLoader.java:1558)
	at org.apache.catalina.core.DefaultInstanceManager.loadClass(DefaultInstanceManager.java:527)
	at org.apache.catalina.core.DefaultInstanceManager.loadClassMaybePrivileged(DefaultInstanceManager.java:509)
	at org.apache.catalina.core.DefaultInstanceManager.newInstance(DefaultInstanceManager.java:137)
	at org.apache.catalina.core.StandardContext.listenerStart(StandardContext.java:4823)
	at org.apache.catalina.core.StandardContext.startInternal(StandardContext.java:5381)
	at org.apache.catalina.util.LifecycleBase.start(LifecycleBase.java:150)
	at org.apache.catalina.core.ContainerBase.addChildInternal(ContainerBase.java:901)
	at org.apache.catalina.core.ContainerBase.addChild(ContainerBase.java:877)
	at org.apache.catalina.core.StandardHost.addChild(StandardHost.java:633)
	at org.apache.catalina.startup.HostConfig.deployDirectory(HostConfig.java:1114)
	at org.apache.catalina.startup.HostConfig$DeployDirectory.run(HostConfig.java:1673)
	at java.util.concurrent.Executors$RunnableAdapter.call(Executors.java:441)
	at java.util.concurrent.FutureTask$Sync.innerRun(FutureTask.java:303)
	at java.util.concurrent.FutureTask.run(FutureTask.java:138)
	at java.util.concurrent.ThreadPoolExecutor$Worker.runTask(ThreadPoolExecutor.java:886)
	at java.util.concurrent.ThreadPoolExecutor$Worker.run(ThreadPoolExecutor.java:908)
	at java.lang.Thread.run(Thread.java:662)
2013-4-24 18:56:17 org.apache.catalina.core.StandardContext listenerStart
严重: Error configuring application listener of class listeners.SessionListener
java.lang.ClassNotFoundException: listeners.SessionListener
	at org.apache.catalina.loader.WebappClassLoader.loadClass(WebappClassLoader.java:1713)
	at org.apache.catalina.loader.WebappClassLoader.loadClass(WebappClassLoader.java:1558)
	at org.apache.catalina.core.DefaultInstanceManager.loadClass(DefaultInstanceManager.java:527)
	at org.apache.catalina.core.DefaultInstanceManager.loadClassMaybePrivileged(DefaultInstanceManager.java:509)
	at org.apache.catalina.core.DefaultInstanceManager.newInstance(DefaultInstanceManager.java:137)
	at org.apache.catalina.core.StandardContext.listenerStart(StandardContext.java:4823)
	at org.apache.catalina.core.StandardContext.startInternal(StandardContext.java:5381)
	at org.apache.catalina.util.LifecycleBase.start(LifecycleBase.java:150)
	at org.apache.catalina.core.ContainerBase.addChildInternal(ContainerBase.java:901)
	at org.apache.catalina.core.ContainerBase.addChild(ContainerBase.java:877)
	at org.apache.catalina.core.StandardHost.addChild(StandardHost.java:633)
	at org.apache.catalina.startup.HostConfig.deployDirectory(HostConfig.java:1114)
	at org.apache.catalina.startup.HostConfig$DeployDirectory.run(HostConfig.java:1673)
	at java.util.concurrent.Executors$RunnableAdapter.call(Executors.java:441)
	at java.util.concurrent.FutureTask$Sync.innerRun(FutureTask.java:303)
	at java.util.concurrent.FutureTask.run(FutureTask.java:138)
	at java.util.concurrent.ThreadPoolExecutor$Worker.runTask(ThreadPoolExecutor.java:886)
	at java.util.concurrent.ThreadPoolExecutor$Worker.run(ThreadPoolExecutor.java:908)
	at java.lang.Thread.run(Thread.java:662)
2013-4-24 18:56:17 org.apache.catalina.core.StandardContext listenerStart
严重: Skipped installing application listeners due to previous error(s)
2013-4-24 19:06:24 org.apache.catalina.core.StandardContext listenerStart
严重: Error configuring application listener of class listeners.ContextListener
java.lang.ClassNotFoundException: listeners.ContextListener
	at org.apache.catalina.loader.WebappClassLoader.loadClass(WebappClassLoader.java:1713)
	at org.apache.catalina.loader.WebappClassLoader.loadClass(WebappClassLoader.java:1558)
	at org.apache.catalina.core.DefaultInstanceManager.loadClass(DefaultInstanceManager.java:527)
	at org.apache.catalina.core.DefaultInstanceManager.loadClassMaybePrivileged(DefaultInstanceManager.java:509)
	at org.apache.catalina.core.DefaultInstanceManager.newInstance(DefaultInstanceManager.java:137)
	at org.apache.catalina.core.StandardContext.listenerStart(StandardContext.java:4823)
	at org.apache.catalina.core.StandardContext.startInternal(StandardContext.java:5381)
	at org.apache.catalina.util.LifecycleBase.start(LifecycleBase.java:150)
	at org.apache.catalina.core.ContainerBase.addChildInternal(ContainerBase.java:901)
	at org.apache.catalina.core.ContainerBase.addChild(ContainerBase.java:877)
	at org.apache.catalina.core.StandardHost.addChild(StandardHost.java:633)
	at org.apache.catalina.startup.HostConfig.deployDirectory(HostConfig.java:1114)
	at org.apache.catalina.startup.HostConfig$DeployDirectory.run(HostConfig.java:1673)
	at java.util.concurrent.Executors$RunnableAdapter.call(Executors.java:441)
	at java.util.concurrent.FutureTask$Sync.innerRun(FutureTask.java:303)
	at java.util.concurrent.FutureTask.run(FutureTask.java:138)
	at java.util.concurrent.ThreadPoolExecutor$Worker.runTask(ThreadPoolExecutor.java:886)
	at java.util.concurrent.ThreadPoolExecutor$Worker.run(ThreadPoolExecutor.java:908)
	at java.lang.Thread.run(Thread.java:662)
2013-4-24 19:06:24 org.apache.catalina.core.StandardContext listenerStart
严重: Error configuring application listener of class listeners.SessionListener
java.lang.ClassNotFoundException: listeners.SessionListener
	at org.apache.catalina.loader.WebappClassLoader.loadClass(WebappClassLoader.java:1713)
	at org.apache.catalina.loader.WebappClassLoader.loadClass(WebappClassLoader.java:1558)
	at org.apache.catalina.core.DefaultInstanceManager.loadClass(DefaultInstanceManager.java:527)
	at org.apache.catalina.core.DefaultInstanceManager.loadClassMaybePrivileged(DefaultInstanceManager.java:509)
	at org.apache.catalina.core.DefaultInstanceManager.newInstance(DefaultInstanceManager.java:137)
	at org.apache.catalina.core.StandardContext.listenerStart(StandardContext.java:4823)
	at org.apache.catalina.core.StandardContext.startInternal(StandardContext.java:5381)
	at org.apache.catalina.util.LifecycleBase.start(LifecycleBase.java:150)
	at org.apache.catalina.core.ContainerBase.addChildInternal(ContainerBase.java:901)
	at org.apache.catalina.core.ContainerBase.addChild(ContainerBase.java:877)
	at org.apache.catalina.core.StandardHost.addChild(StandardHost.java:633)
	at org.apache.catalina.startup.HostConfig.deployDirectory(HostConfig.java:1114)
	at org.apache.catalina.startup.HostConfig$DeployDirectory.run(HostConfig.java:1673)
	at java.util.concurrent.Executors$RunnableAdapter.call(Executors.java:441)
	at java.util.concurrent.FutureTask$Sync.innerRun(FutureTask.java:303)
	at java.util.concurrent.FutureTask.run(FutureTask.java:138)
	at java.util.concurrent.ThreadPoolExecutor$Worker.runTask(ThreadPoolExecutor.java:886)
	at java.util.concurrent.ThreadPoolExecutor$Worker.run(ThreadPoolExecutor.java:908)
	at java.lang.Thread.run(Thread.java:662)
2013-4-24 19:06:24 org.apache.catalina.core.StandardContext listenerStart
严重: Skipped installing application listeners due to previous error(s)
